[2024-08-09 14:15:09] [ INFO ] [DaoH2Veterinario:40] Veterinario guardado en base de datosVeterinario{id=1, nroLicencia='12345', nombre='Juan', apellido='Roldan', especialidad='Dentista'}
[2024-08-09 14:15:09] [ INFO ] [DaoH2Veterinario:83] veterinario Veterinario{id=1, nroLicencia='12345', nombre='Juan', apellido='Roldan', especialidad='Dentista'}
[2024-08-09 15:42:43] [ INFO ] [DaoH2Veterinario:40] Veterinario guardado en base de datosVeterinario{id=1, nroLicencia='12345', nombre='Juan', apellido='Roldan', especialidad='Dentista'}
[2024-08-09 15:42:43] [ INFO ] [DaoH2Veterinario:83] veterinario Veterinario{id=1, nroLicencia='12345', nombre='Juan', apellido='Roldan', especialidad='Dentista'}
[2024-08-09 15:44:02] [ INFO ] [DaoH2Veterinario:40] Veterinario guardado en base de datosVeterinario{id=1, nroLicencia='12345', nombre='Juan', apellido='Roldan', especialidad='Dentista'}
[2024-08-09 15:44:02] [ INFO ] [DaoH2Veterinario:83] veterinario Veterinario{id=1, nroLicencia='12345', nombre='Juan', apellido='Roldan', especialidad='Dentista'}
[2024-08-09 14:51:04] [ INFO ] [DaoH2Veterinario:40] Veterinario guardado en base de datosVeterinario{id=1, nroLicencia='12345', nombre='Juan', apellido='Roldan', especialidad='Dentista'}
[2024-08-09 14:51:04] [ INFO ] [DaoH2Veterinario:83] veterinario Veterinario{id=1, nroLicencia='12345', nombre='Juan', apellido='Roldan', especialidad='Dentista'}
[2024-08-12 18:03:58] [ INFO ] [DaoH2Veterinario:40] Veterinario guardado en base de datosVeterinario{id=1, nroLicencia='12345', nombre='Juan', apellido='Roldan', especialidad='Dentista'}
[2024-08-12 18:03:58] [ INFO ] [DaoH2Veterinario:83] veterinario Veterinario{id=1, nroLicencia='12345', nombre='Juan', apellido='Roldan', especialidad='Dentista'}
[2024-08-12 19:54:29] [ ERROR] [OdontonlogoServiceTest:29] Syntax error in SQL statement "\000a\000aCREATE TABLE ODONTOLOGOS (\000aID INT AUTO_INCREMENT PRIMARY KEY,\000anroMatricula VARCHAR(50) NOT NULL,\000anombre VARCHAR(50) NOT NULL,\000aapellido VARCHAR(50) NOT NULL,\000a[*])"; expected "identifier"; SQL statement:


CREATE TABLE ODONTOLOGOS (
ID INT AUTO_INCREMENT PRIMARY KEY,
nroMatricula VARCHAR(50) NOT NULL,
nombre VARCHAR(50) NOT NULL,
apellido VARCHAR(50) NOT NULL,
) [42001-230]
[2024-08-12 19:55:18] [ ERROR] [OdontonlogoServiceTest:29] Column "12345" not found; SQL statement:


INSERT INTO ODONTOLOGOS VALUES (DEFAULT,"12345","Marcela","Rendón") [42122-230]
[2024-08-12 19:57:33] [ INFO ] [DaoH2Odontologo:39] Odontologo guardado en base de datosOdontologo{id=1, nroMatricula='6666', nombre='Jhoel', apellido='Acosta'}
[2024-08-12 19:57:33] [ INFO ] [DaoH2Odontologo:81] Odontologo Odontologo{id=1, nroMatricula='6666', nombre='Jhoel', apellido='Acosta'}
